actionid: py27
msg: envreport
cmdargs: ['/Users/ksy/Work/Locust-code/.tox/py27/bin/python', '-m', 'pip', 'freeze']

You are using pip version 18.0, however version 18.1 is available.
You should consider upgrading via the 'pip install --upgrade pip' command.
certifi==2018.8.24
chardet==3.0.4
click==6.7
codecov==2.0.15
coverage==4.5.1
Flask==1.0.2
funcsigs==1.0.2
gevent==1.3.6
greenlet==0.4.15
idna==2.7
itsdangerous==0.24
Jinja2==2.10
locustio==0.9.0
locustksy==0.9.0
MarkupSafe==1.0
mock==2.0.0
msgpack==0.5.6
pbr==4.2.0
pyzmq==17.1.2
requests==2.19.1
six==1.11.0
urllib3==1.23
Werkzeug==0.14.1
