actionid: py27
msg: installpkg
cmdargs: ['/Users/ksy/Work/Locust-code/.tox/py27/bin/python', '-m', 'pip', 'install', '/Users/ksy/Work/Locust-code/.tox/dist/locustio-0.9.0.zip']

Processing ./.tox/dist/locustio-0.9.0.zip
Collecting gevent>=1.2.2 (from locustio==0.9.0)
  Downloading https://files.pythonhosted.org/packages/6f/e1/b4fa1fdfacae076653fc390c68325d1e0f0887728722e80ed9cdfd9436bd/gevent-1.3.6-cp27-cp27m-macosx_10_9_x86_64.whl (2.2MB)
Collecting flask>=0.10.1 (from locustio==0.9.0)
  Downloading https://files.pythonhosted.org/packages/7f/e7/08578774ed4536d3242b14dacb4696386634607af824ea997202cd0edb4b/Flask-1.0.2-py2.py3-none-any.whl (91kB)
Requirement already satisfied: requests>=2.9.1 in ./.tox/py27/lib/python2.7/site-packages (from locustio==0.9.0) (2.19.1)
Collecting msgpack>=0.4.2 (from locustio==0.9.0)
  Downloading https://files.pythonhosted.org/packages/f3/b6/9affbea179c3c03a0eb53515d9ce404809a122f76bee8fc8c6ec9497f51f/msgpack-0.5.6.tar.gz (138kB)
Requirement already satisfied: six>=1.10.0 in ./.tox/py27/lib/python2.7/site-packages (from locustio==0.9.0) (1.11.0)
Collecting pyzmq>=16.0.2 (from locustio==0.9.0)
  Downloading https://files.pythonhosted.org/packages/e5/28/63a6d14e8ccd224f1faa9df2144fde5bb130dda086eaabb288b2919dcd10/pyzmq-17.1.2-cp27-cp27m-macosx_10_6_intel.whl (1.3MB)
Collecting greenlet>=0.4.14; platform_python_implementation == "CPython" (from gevent>=1.2.2->locustio==0.9.0)
  Downloading https://files.pythonhosted.org/packages/f8/e8/b30ae23b45f69aa3f024b46064c0ac8e5fcb4f22ace0dca8d6f9c8bbe5e7/greenlet-0.4.15.tar.gz (59kB)
Collecting Werkzeug>=0.14 (from flask>=0.10.1->locustio==0.9.0)
  Downloading https://files.pythonhosted.org/packages/20/c4/12e3e56473e52375aa29c4764e70d1b8f3efa6682bef8d0aae04fe335243/Werkzeug-0.14.1-py2.py3-none-any.whl (322kB)
Collecting itsdangerous>=0.24 (from flask>=0.10.1->locustio==0.9.0)
  Downloading https://files.pythonhosted.org/packages/dc/b4/a60bcdba945c00f6d608d8975131ab3f25b22f2bcfe1dab221165194b2d4/itsdangerous-0.24.tar.gz (46kB)
Collecting click>=5.1 (from flask>=0.10.1->locustio==0.9.0)
  Downloading https://files.pythonhosted.org/packages/34/c1/8806f99713ddb993c5366c362b2f908f18269f8d792aff1abfd700775a77/click-6.7-py2.py3-none-any.whl (71kB)
Collecting Jinja2>=2.10 (from flask>=0.10.1->locustio==0.9.0)
  Downloading https://files.pythonhosted.org/packages/7f/ff/ae64bacdfc95f27a016a7bed8e8686763ba4d277a78ca76f32659220a731/Jinja2-2.10-py2.py3-none-any.whl (126kB)
Requirement already satisfied: certifi>=2017.4.17 in ./.tox/py27/lib/python2.7/site-packages (from requests>=2.9.1->locustio==0.9.0) (2018.8.24)
Requirement already satisfied: idna<2.8,>=2.5 in ./.tox/py27/lib/python2.7/site-packages (from requests>=2.9.1->locustio==0.9.0) (2.7)
Requirement already satisfied: urllib3<1.24,>=1.21.1 in ./.tox/py27/lib/python2.7/site-packages (from requests>=2.9.1->locustio==0.9.0) (1.23)
Requirement already satisfied: chardet<3.1.0,>=3.0.2 in ./.tox/py27/lib/python2.7/site-packages (from requests>=2.9.1->locustio==0.9.0) (3.0.4)
Collecting MarkupSafe>=0.23 (from Jinja2>=2.10->flask>=0.10.1->locustio==0.9.0)
  Downloading https://files.pythonhosted.org/packages/4d/de/32d741db316d8fdb7680822dd37001ef7a448255de9699ab4bfcbdf4172b/MarkupSafe-1.0.tar.gz
Building wheels for collected packages: locustio, msgpack, greenlet, itsdangerous, MarkupSafe
  Running setup.py bdist_wheel for locustio: started
  Running setup.py bdist_wheel for locustio: finished with status 'error'
  Complete output from command /Users/ksy/Work/Locust-code/.tox/py27/bin/python -u -c "import setuptools, tokenize;__file__='/private/var/folders/gc/j8vhc6l53q95m27t6mv40q240000gn/T/pip-req-build-kheSUi/setup.py';f=getattr(tokenize, 'open', open)(__file__);code=f.read().replace('\r\n', '\n');f.close();exec(compile(code, __file__, 'exec'))" bdist_wheel -d /private/var/folders/gc/j8vhc6l53q95m27t6mv40q240000gn/T/pip-wheel-JI27OI --python-tag cp27:
  running bdist_wheel
  running build
  running build_py
  creating build
  creating build/lib
  creating build/lib/locust
  copying locust/exception.py -> build/lib/locust
  copying locust/web.py -> build/lib/locust
  copying locust/log.py -> build/lib/locust
  copying locust/events.py -> build/lib/locust
  copying locust/inspectlocust.py -> build/lib/locust
  copying locust/__init__.py -> build/lib/locust
  copying locust/core.py -> build/lib/locust
  copying locust/parser.py -> build/lib/locust
  copying locust/stats.py -> build/lib/locust
  copying locust/clients.py -> build/lib/locust
  copying locust/runners.py -> build/lib/locust
  copying locust/main.py -> build/lib/locust
  creating build/lib/locust/test
  copying locust/test/test_parser.py -> build/lib/locust/test
  copying locust/test/test_stats.py -> build/lib/locust/test
  copying locust/test/test_web.py -> build/lib/locust/test
  copying locust/test/__init__.py -> build/lib/locust/test
  copying locust/test/test_util.py -> build/lib/locust/test
  copying locust/test/test_runners.py -> build/lib/locust/test
  copying locust/test/test_taskratio.py -> build/lib/locust/test
  copying locust/test/test_task_sequence_class.py -> build/lib/locust/test
  copying locust/test/testcases.py -> build/lib/locust/test
  copying locust/test/test_locust_class.py -> build/lib/locust/test
  copying locust/test/test_client.py -> build/lib/locust/test
  copying locust/test/test_main.py -> build/lib/locust/test
  creating build/lib/locust/util
  copying locust/util/time.py -> build/lib/locust/util
  copying locust/util/cache.py -> build/lib/locust/util
  copying locust/util/__init__.py -> build/lib/locust/util
  creating build/lib/locust/rpc
  copying locust/rpc/zmqrpc.py -> build/lib/locust/rpc
  copying locust/rpc/protocol.py -> build/lib/locust/rpc
  copying locust/rpc/__init__.py -> build/lib/locust/rpc
  running egg_info
  writing requirements to locustio.egg-info/requires.txt
  writing locustio.egg-info/PKG-INFO
  writing top-level names to locustio.egg-info/top_level.txt
  writing dependency_links to locustio.egg-info/dependency_links.txt
  writing entry points to locustio.egg-info/entry_points.txt
  reading manifest file 'locustio.egg-info/SOURCES.txt'
  reading manifest template 'MANIFEST.in'
  writing manifest file 'locustio.egg-info/SOURCES.txt'
  creating build/lib/locust/static
  copying locust/static/chart.js -> build/lib/locust/static
  copying locust/static/echarts.common.min.js -> build/lib/locust/static
  copying locust/static/jquery-1.11.3.min.js -> build/lib/locust/static
  copying locust/static/jquery.jqote2.min.js -> build/lib/locust/static
  copying locust/static/jquery.tools.min.js -> build/lib/locust/static
  copying locust/static/locust.js -> build/lib/locust/static
  copying locust/static/style.css -> build/lib/locust/static
  copying locust/static/vintage.js -> build/lib/locust/static
  creating build/lib/locust/static/img
  copying locust/static/img/favicon.ico -> build/lib/locust/static/img
  copying locust/static/img/logo.png -> build/lib/locust/static/img
  copying locust/static/img/top_bg.png -> build/lib/locust/static/img
  creating build/lib/locust/templates
  copying locust/templates/index.html -> build/lib/locust/templates
  installing to build/bdist.macosx-10.13-x86_64/wheel
  running install
  running install_lib
  creating build/bdist.macosx-10.13-x86_64
  creating build/bdist.macosx-10.13-x86_64/wheel
  creating build/bdist.macosx-10.13-x86_64/wheel/locust
  copying build/lib/locust/exception.py -> build/bdist.macosx-10.13-x86_64/wheel/locust
  copying build/lib/locust/web.py -> build/bdist.macosx-10.13-x86_64/wheel/locust
  creating build/bdist.macosx-10.13-x86_64/wheel/locust/test
  copying build/lib/locust/test/test_parser.py -> build/bdist.macosx-10.13-x86_64/wheel/locust/test
  copying build/lib/locust/test/test_stats.py -> build/bdist.macosx-10.13-x86_64/wheel/locust/test
  copying build/lib/locust/test/test_web.py -> build/bdist.macosx-10.13-x86_64/wheel/locust/test
  copying build/lib/locust/test/__init__.py -> build/bdist.macosx-10.13-x86_64/wheel/locust/test
  copying build/lib/locust/test/test_util.py -> build/bdist.macosx-10.13-x86_64/wheel/locust/test
  copying build/lib/locust/test/test_runners.py -> build/bdist.macosx-10.13-x86_64/wheel/locust/test
  copying build/lib/locust/test/test_taskratio.py -> build/bdist.macosx-10.13-x86_64/wheel/locust/test
  copying build/lib/locust/test/test_task_sequence_class.py -> build/bdist.macosx-10.13-x86_64/wheel/locust/test
  copying build/lib/locust/test/testcases.py -> build/bdist.macosx-10.13-x86_64/wheel/locust/test
  copying build/lib/locust/test/test_locust_class.py -> build/bdist.macosx-10.13-x86_64/wheel/locust/test
  copying build/lib/locust/test/test_client.py -> build/bdist.macosx-10.13-x86_64/wheel/locust/test
  copying build/lib/locust/test/test_main.py -> build/bdist.macosx-10.13-x86_64/wheel/locust/test
  creating build/bdist.macosx-10.13-x86_64/wheel/locust/util
  copying build/lib/locust/util/time.py -> build/bdist.macosx-10.13-x86_64/wheel/locust/util
  copying build/lib/locust/util/cache.py -> build/bdist.macosx-10.13-x86_64/wheel/locust/util
  copying build/lib/locust/util/__init__.py -> build/bdist.macosx-10.13-x86_64/wheel/locust/util
  copying build/lib/locust/log.py -> build/bdist.macosx-10.13-x86_64/wheel/locust
  copying build/lib/locust/events.py -> build/bdist.macosx-10.13-x86_64/wheel/locust
  copying build/lib/locust/inspectlocust.py -> build/bdist.macosx-10.13-x86_64/wheel/locust
  copying build/lib/locust/__init__.py -> build/bdist.macosx-10.13-x86_64/wheel/locust
  copying build/lib/locust/core.py -> build/bdist.macosx-10.13-x86_64/wheel/locust
  copying build/lib/locust/parser.py -> build/bdist.macosx-10.13-x86_64/wheel/locust
  creating build/bdist.macosx-10.13-x86_64/wheel/locust/static
  copying build/lib/locust/static/jquery-1.11.3.min.js -> build/bdist.macosx-10.13-x86_64/wheel/locust/static
  copying build/lib/locust/static/chart.js -> build/bdist.macosx-10.13-x86_64/wheel/locust/static
  copying build/lib/locust/static/jquery.jqote2.min.js -> build/bdist.macosx-10.13-x86_64/wheel/locust/static
  copying build/lib/locust/static/echarts.common.min.js -> build/bdist.macosx-10.13-x86_64/wheel/locust/static
  creating build/bdist.macosx-10.13-x86_64/wheel/locust/static/img
  copying build/lib/locust/static/img/favicon.ico -> build/bdist.macosx-10.13-x86_64/wheel/locust/static/img
  copying build/lib/locust/static/img/logo.png -> build/bdist.macosx-10.13-x86_64/wheel/locust/static/img
  copying build/lib/locust/static/img/top_bg.png -> build/bdist.macosx-10.13-x86_64/wheel/locust/static/img
  copying build/lib/locust/static/style.css -> build/bdist.macosx-10.13-x86_64/wheel/locust/static
  copying build/lib/locust/static/jquery.tools.min.js -> build/bdist.macosx-10.13-x86_64/wheel/locust/static
  copying build/lib/locust/static/locust.js -> build/bdist.macosx-10.13-x86_64/wheel/locust/static
  copying build/lib/locust/static/vintage.js -> build/bdist.macosx-10.13-x86_64/wheel/locust/static
  copying build/lib/locust/stats.py -> build/bdist.macosx-10.13-x86_64/wheel/locust
  copying build/lib/locust/clients.py -> build/bdist.macosx-10.13-x86_64/wheel/locust
  copying build/lib/locust/runners.py -> build/bdist.macosx-10.13-x86_64/wheel/locust
  creating build/bdist.macosx-10.13-x86_64/wheel/locust/templates
  copying build/lib/locust/templates/index.html -> build/bdist.macosx-10.13-x86_64/wheel/locust/templates
  copying build/lib/locust/main.py -> build/bdist.macosx-10.13-x86_64/wheel/locust
  creating build/bdist.macosx-10.13-x86_64/wheel/locust/rpc
  copying build/lib/locust/rpc/zmqrpc.py -> build/bdist.macosx-10.13-x86_64/wheel/locust/rpc
  copying build/lib/locust/rpc/protocol.py -> build/bdist.macosx-10.13-x86_64/wheel/locust/rpc
  copying build/lib/locust/rpc/__init__.py -> build/bdist.macosx-10.13-x86_64/wheel/locust/rpc
  running install_egg_info
  Copying locustio.egg-info to build/bdist.macosx-10.13-x86_64/wheel/locustio-0.9.0-py2.7.egg-info
  running install_scripts
  error: [Errno 2] No such file or directory: 'LICENSE'
  
  ----------------------------------------
  Failed building wheel for locustio
  Running setup.py clean for locustio
  Running setup.py bdist_wheel for msgpack: started
  Running setup.py bdist_wheel for msgpack: finished with status 'done'
  Stored in directory: /Users/ksy/Library/Caches/pip/wheels/f0/02/4c/525b56fce78c415eb8066f6554f9de02792df26b8f882f6d65
  Running setup.py bdist_wheel for greenlet: started
  Running setup.py bdist_wheel for greenlet: finished with status 'done'
  Stored in directory: /Users/ksy/Library/Caches/pip/wheels/cc/28/5a/2687513046a61b17dd78be058a43a069c271f5d7b7623f3dfd
  Running setup.py bdist_wheel for itsdangerous: started
  Running setup.py bdist_wheel for itsdangerous: finished with status 'done'
  Stored in directory: /Users/ksy/Library/Caches/pip/wheels/2c/4a/61/5599631c1554768c6290b08c02c72d7317910374ca602ff1e5
  Running setup.py bdist_wheel for MarkupSafe: started
  Running setup.py bdist_wheel for MarkupSafe: finished with status 'done'
  Stored in directory: /Users/ksy/Library/Caches/pip/wheels/33/56/20/ebe49a5c612fffe1c5a632146b16596f9e64676768661e4e46
Successfully built msgpack greenlet itsdangerous MarkupSafe
Failed to build locustio
Installing collected packages: greenlet, gevent, Werkzeug, itsdangerous, click, MarkupSafe, Jinja2, flask, msgpack, pyzmq, locustio
  Found existing installation: locustio 0.9.0
    Not uninstalling locustio at /Users/ksy/Work/Locust-code, outside environment /Users/ksy/Work/Locust-code/.tox/py27/bin/..
    Can't uninstall 'locustio'. No files were found to uninstall.
  Running setup.py install for locustio: started
    Running setup.py install for locustio: finished with status 'done'
Successfully installed Jinja2-2.10 MarkupSafe-1.0 Werkzeug-0.14.1 click-6.7 flask-1.0.2 gevent-1.3.6 greenlet-0.4.15 itsdangerous-0.24 locustio-0.9.0 msgpack-0.5.6 pyzmq-17.1.2
